2025-01-14 13:05:17.447 [info] [main] Log level: Info
2025-01-14 13:05:17.447 [info] [main] Validating found git in: "git"
2025-01-14 13:05:17.447 [info] [main] Using git "2.47.0" from "git"
2025-01-14 13:05:17.447 [info] [Model][doInitialScan] Initial repository scan started
2025-01-14 13:05:17.447 [info] > git rev-parse --show-toplevel [5ms]
2025-01-14 13:05:17.447 [info] > git rev-parse --git-dir --git-common-dir [1ms]
2025-01-14 13:05:17.447 [info] [Model][openRepository] Opened repository: /workspace/Vocabulary-of-EDI
2025-01-14 13:05:17.447 [info] > git config --get commit.template [2ms]
2025-01-14 13:05:17.447 [info] > git rev-parse --show-toplevel [1ms]
2025-01-14 13:05:17.447 [info] > git for-each-ref --format=%(refname)%00%(upstream:short)%00%(objectname)%00%(upstream:track)%00%(upstream:remotename)%00%(upstream:remoteref) refs/heads/main refs/remotes/main [2ms]
2025-01-14 13:05:17.447 [info] > git status -z -uall [4ms]
2025-01-14 13:05:17.447 [info] > git rev-parse --show-toplevel [20ms]
2025-01-14 13:05:17.447 [info] > git for-each-ref --sort -committerdate --format %(refname) %(objectname) %(*objectname) [2ms]
2025-01-14 13:05:17.447 [info] > git for-each-ref --format=%(refname)%00%(upstream:short)%00%(objectname)%00%(upstream:track)%00%(upstream:remotename)%00%(upstream:remoteref) refs/heads/main refs/remotes/main [7ms]
2025-01-14 13:05:17.447 [info] > git config --get commit.template [4ms]
2025-01-14 13:05:17.447 [info] > git rev-parse --show-toplevel [6ms]
2025-01-14 13:05:17.447 [info] [Model][doInitialScan] Initial repository scan completed - repositories (1), closed repositories (0), parent repositories (0), unsafe repositories (0)
2025-01-14 13:05:17.447 [info] > git config --local branch.main.vscode-merge-base [5ms]
2025-01-14 13:05:17.447 [info] > git for-each-ref --format=%(refname)%00%(upstream:short)%00%(objectname)%00%(upstream:track)%00%(upstream:remotename)%00%(upstream:remoteref) refs/heads/origin/main refs/remotes/origin/main [2ms]
2025-01-14 13:05:17.447 [info] > git merge-base refs/heads/main refs/remotes/origin/main [14ms]
2025-01-14 13:05:17.447 [info] > git for-each-ref --format=%(refname)%00%(upstream:short)%00%(objectname)%00%(upstream:track)%00%(upstream:remotename)%00%(upstream:remoteref) refs/heads/main refs/remotes/main [19ms]
2025-01-14 13:05:17.447 [info] > git status -z -uall [3ms]
2025-01-14 13:05:17.447 [info] > git diff --name-status -z --diff-filter=ADMR 9abdd0190c6053610b0197ba44c346087d6d667a...refs/remotes/origin/main [53ms]
2025-01-14 13:05:17.447 [info] > git for-each-ref --sort -committerdate --format %(refname) %(objectname) %(*objectname) [2ms]
2025-01-14 13:05:17.760 [info] > git show --textconv :EDI-resources.html [11ms]
2025-01-14 13:05:17.760 [info] > git show --textconv :assets/css/style.css [8ms]
2025-01-14 13:05:17.761 [info] > git ls-files --stage -- /workspace/Vocabulary-of-EDI/assets/css/style.css [5ms]
2025-01-14 13:05:17.763 [info] > git ls-files --stage -- /workspace/Vocabulary-of-EDI/EDI-resources.html [9ms]
2025-01-14 13:05:17.766 [info] > git cat-file -s 27001a555f3f63ea702ee4eebd1849b12876bb9a [3ms]
2025-01-14 13:05:17.767 [info] > git cat-file -s 6cc6c12e9f00770dbb88b2db972defe143b16e65 [2ms]
2025-01-14 13:05:17.865 [info] > git check-ignore -v -z --stdin [1ms]
2025-01-14 13:05:37.844 [info] > git config --local branch.main.github-pr-owner-number [1ms]
2025-01-14 13:05:37.844 [warning] [Git][config] git config failed: Failed to execute git
2025-01-14 13:06:08.982 [info] > git show --textconv :ABC-EDI.html [4ms]
2025-01-14 13:06:08.982 [info] > git ls-files --stage -- /workspace/Vocabulary-of-EDI/ABC-EDI.html [1ms]
2025-01-14 13:06:08.987 [info] > git cat-file -s 1b37dfb5feaf3020ba5122a059be5596fdcbbcdb [1ms]
2025-01-14 13:06:11.872 [info] > git show --textconv :EDI-resources.html [5ms]
2025-01-14 13:06:11.872 [info] > git ls-files --stage -- /workspace/Vocabulary-of-EDI/EDI-resources.html [1ms]
2025-01-14 13:06:11.877 [info] > git cat-file -s 6cc6c12e9f00770dbb88b2db972defe143b16e65 [1ms]
2025-01-14 13:06:11.916 [info] > git config --get commit.template [4ms]
2025-01-14 13:06:11.916 [info] > git for-each-ref --format=%(refname)%00%(upstream:short)%00%(objectname)%00%(upstream:track)%00%(upstream:remotename)%00%(upstream:remoteref) refs/heads/main refs/remotes/main [1ms]
2025-01-14 13:06:11.924 [info] > git status -z -uall [4ms]
2025-01-14 13:06:11.925 [info] > git for-each-ref --sort -committerdate --format %(refname) %(objectname) %(*objectname) [1ms]
2025-01-14 13:06:13.844 [info] > git show --textconv :EDI-tips-staff.html [4ms]
2025-01-14 13:06:13.845 [info] > git ls-files --stage -- /workspace/Vocabulary-of-EDI/EDI-tips-staff.html [1ms]
2025-01-14 13:06:13.848 [info] > git cat-file -s a71769c0afd8b249f53f4c052916f153b515222b [1ms]
2025-01-14 13:06:14.958 [info] > git ls-files --stage -- /workspace/Vocabulary-of-EDI/assets/css/style.css [4ms]
2025-01-14 13:06:14.961 [info] > git ls-files --stage -- /workspace/Vocabulary-of-EDI/EDI-tips-staff.html [4ms]
2025-01-14 13:06:14.963 [info] > git cat-file -s 27001a555f3f63ea702ee4eebd1849b12876bb9a [3ms]
2025-01-14 13:06:14.964 [info] > git cat-file -s a71769c0afd8b249f53f4c052916f153b515222b [1ms]
2025-01-14 13:06:15.022 [info] > git show --textconv :assets/css/style.css [3ms]
2025-01-14 13:06:15.023 [info] > git show --textconv :EDI-tips-staff.html [2ms]
2025-01-14 13:06:15.707 [info] > git show --textconv :EDI-tips-students.html [2ms]
2025-01-14 13:06:15.708 [info] > git ls-files --stage -- /workspace/Vocabulary-of-EDI/EDI-tips-students.html [1ms]
2025-01-14 13:06:15.711 [info] > git cat-file -s 28b6796851ec4e633d9d3af5ff726a5c2e1ba56d [1ms]
2025-01-14 13:06:16.938 [info] > git config --get commit.template [3ms]
2025-01-14 13:06:16.938 [info] > git for-each-ref --format=%(refname)%00%(upstream:short)%00%(objectname)%00%(upstream:track)%00%(upstream:remotename)%00%(upstream:remoteref) refs/heads/main refs/remotes/main [1ms]
2025-01-14 13:06:16.945 [info] > git status -z -uall [4ms]
2025-01-14 13:06:16.945 [info] > git for-each-ref --sort -committerdate --format %(refname) %(objectname) %(*objectname) [1ms]
2025-01-14 13:06:17.427 [info] > git show --textconv :index.html [3ms]
2025-01-14 13:06:17.427 [info] > git ls-files --stage -- /workspace/Vocabulary-of-EDI/index.html [1ms]
2025-01-14 13:06:17.430 [info] > git cat-file -s 52b922c11c62812cddcad0ac59886c91d499ee6e [1ms]
2025-01-14 13:06:19.956 [info] > git ls-files --stage -- /workspace/Vocabulary-of-EDI/assets/css/style.css [2ms]
2025-01-14 13:06:19.959 [info] > git ls-files --stage -- /workspace/Vocabulary-of-EDI/index.html [3ms]
2025-01-14 13:06:19.961 [info] > git cat-file -s 27001a555f3f63ea702ee4eebd1849b12876bb9a [3ms]
2025-01-14 13:06:19.962 [info] > git cat-file -s 52b922c11c62812cddcad0ac59886c91d499ee6e [1ms]
2025-01-14 13:06:20.024 [info] > git show --textconv :assets/css/style.css [3ms]
2025-01-14 13:06:20.025 [info] > git show --textconv :index.html [1ms]
2025-01-14 13:06:20.397 [info] > git show --textconv :ABC-EDI.html [4ms]
2025-01-14 13:06:20.398 [info] > git ls-files --stage -- /workspace/Vocabulary-of-EDI/ABC-EDI.html [1ms]
2025-01-14 13:06:20.401 [info] > git cat-file -s 1b37dfb5feaf3020ba5122a059be5596fdcbbcdb [1ms]
2025-01-14 13:06:21.955 [info] > git config --get commit.template [3ms]
2025-01-14 13:06:21.956 [info] > git for-each-ref --format=%(refname)%00%(upstream:short)%00%(objectname)%00%(upstream:track)%00%(upstream:remotename)%00%(upstream:remoteref) refs/heads/main refs/remotes/main [1ms]
2025-01-14 13:06:21.960 [info] > git status -z -uall [2ms]
2025-01-14 13:06:21.961 [info] > git for-each-ref --sort -committerdate --format %(refname) %(objectname) %(*objectname) [1ms]
2025-01-14 13:06:24.938 [info] > git ls-files --stage -- /workspace/Vocabulary-of-EDI/assets/css/style.css [4ms]
2025-01-14 13:06:24.940 [info] > git ls-files --stage -- /workspace/Vocabulary-of-EDI/ABC-EDI.html [3ms]
2025-01-14 13:06:24.942 [info] > git cat-file -s 27001a555f3f63ea702ee4eebd1849b12876bb9a [2ms]
2025-01-14 13:06:24.943 [info] > git cat-file -s 1b37dfb5feaf3020ba5122a059be5596fdcbbcdb [1ms]
2025-01-14 13:06:25.002 [info] > git show --textconv :assets/css/style.css [3ms]
2025-01-14 13:06:25.003 [info] > git show --textconv :ABC-EDI.html [1ms]
2025-01-14 13:06:26.970 [info] > git config --get commit.template [3ms]
2025-01-14 13:06:26.971 [info] > git for-each-ref --format=%(refname)%00%(upstream:short)%00%(objectname)%00%(upstream:track)%00%(upstream:remotename)%00%(upstream:remoteref) refs/heads/main refs/remotes/main [1ms]
2025-01-14 13:06:26.977 [info] > git status -z -uall [3ms]
2025-01-14 13:06:26.978 [info] > git for-each-ref --sort -committerdate --format %(refname) %(objectname) %(*objectname) [1ms]
2025-01-14 13:19:44.238 [info] > git config --get commit.template [3ms]
2025-01-14 13:19:44.239 [info] > git for-each-ref --format=%(refname)%00%(upstream:short)%00%(objectname)%00%(upstream:track)%00%(upstream:remotename)%00%(upstream:remoteref) refs/heads/main refs/remotes/main [2ms]
2025-01-14 13:19:44.245 [info] > git status -z -uall [3ms]
2025-01-14 13:19:44.246 [info] > git for-each-ref --sort -committerdate --format %(refname) %(objectname) %(*objectname) [2ms]
2025-01-14 13:20:06.556 [info] > git config --get commit.template [3ms]
2025-01-14 13:20:06.557 [info] > git for-each-ref --format=%(refname)%00%(upstream:short)%00%(objectname)%00%(upstream:track)%00%(upstream:remotename)%00%(upstream:remoteref) refs/heads/main refs/remotes/main [1ms]
2025-01-14 13:20:06.562 [info] > git status -z -uall [2ms]
2025-01-14 13:20:06.563 [info] > git for-each-ref --sort -committerdate --format %(refname) %(objectname) %(*objectname) [1ms]
2025-01-14 13:29:09.285 [info] > git config --get commit.template [3ms]
2025-01-14 13:29:09.286 [info] > git for-each-ref --format=%(refname)%00%(upstream:short)%00%(objectname)%00%(upstream:track)%00%(upstream:remotename)%00%(upstream:remoteref) refs/heads/main refs/remotes/main [1ms]
2025-01-14 13:29:09.291 [info] > git status -z -uall [2ms]
2025-01-14 13:29:09.292 [info] > git for-each-ref --sort -committerdate --format %(refname) %(objectname) %(*objectname) [1ms]
2025-01-14 13:30:46.533 [info] > git config --get commit.template [2ms]
2025-01-14 13:30:46.537 [info] > git for-each-ref --format=%(refname)%00%(upstream:short)%00%(objectname)%00%(upstream:track)%00%(upstream:remotename)%00%(upstream:remoteref) refs/heads/main refs/remotes/main [2ms]
2025-01-14 13:30:46.542 [info] > git status -z -uall [3ms]
2025-01-14 13:30:46.543 [info] > git for-each-ref --sort -committerdate --format %(refname) %(objectname) %(*objectname) [2ms]
2025-01-14 13:30:46.608 [info] > git show --textconv :EDI-resources.html [3ms]
2025-01-14 13:30:46.608 [info] > git ls-files --stage -- /workspace/Vocabulary-of-EDI/EDI-resources.html [1ms]
2025-01-14 13:30:46.612 [info] > git cat-file -s 6cc6c12e9f00770dbb88b2db972defe143b16e65 [1ms]
2025-01-14 13:30:48.958 [info] > git show --textconv :EDI-tips-students.html [3ms]
2025-01-14 13:30:48.959 [info] > git ls-files --stage -- /workspace/Vocabulary-of-EDI/EDI-tips-students.html [1ms]
2025-01-14 13:30:48.962 [info] > git cat-file -s 28b6796851ec4e633d9d3af5ff726a5c2e1ba56d [1ms]
2025-01-14 13:30:50.025 [info] > git ls-files --stage -- /workspace/Vocabulary-of-EDI/EDI-tips-students.html [1ms]
2025-01-14 13:30:50.028 [info] > git cat-file -s 28b6796851ec4e633d9d3af5ff726a5c2e1ba56d [1ms]
2025-01-14 13:30:50.102 [info] > git show --textconv :EDI-tips-students.html [1ms]
2025-01-14 13:30:50.615 [info] > git show --textconv :index.html [3ms]
2025-01-14 13:30:50.616 [info] > git ls-files --stage -- /workspace/Vocabulary-of-EDI/index.html [1ms]
2025-01-14 13:30:50.619 [info] > git cat-file -s 52b922c11c62812cddcad0ac59886c91d499ee6e [1ms]
2025-01-14 13:30:51.550 [info] > git config --get commit.template [1ms]
2025-01-14 13:30:51.553 [info] > git for-each-ref --format=%(refname)%00%(upstream:short)%00%(objectname)%00%(upstream:track)%00%(upstream:remotename)%00%(upstream:remoteref) refs/heads/main refs/remotes/main [1ms]
2025-01-14 13:30:51.558 [info] > git status -z -uall [2ms]
2025-01-14 13:30:51.559 [info] > git for-each-ref --sort -committerdate --format %(refname) %(objectname) %(*objectname) [1ms]
2025-01-14 13:30:55.243 [info] > git ls-files --stage -- /workspace/Vocabulary-of-EDI/index.html [2ms]
2025-01-14 13:30:55.247 [info] > git cat-file -s 52b922c11c62812cddcad0ac59886c91d499ee6e [1ms]
2025-01-14 13:30:55.301 [info] > git show --textconv :index.html [1ms]
2025-01-14 13:30:56.568 [info] > git config --get commit.template [3ms]
2025-01-14 13:30:56.569 [info] > git for-each-ref --format=%(refname)%00%(upstream:short)%00%(objectname)%00%(upstream:track)%00%(upstream:remotename)%00%(upstream:remoteref) refs/heads/main refs/remotes/main [1ms]
2025-01-14 13:30:56.575 [info] > git status -z -uall [2ms]
2025-01-14 13:30:56.576 [info] > git for-each-ref --sort -committerdate --format %(refname) %(objectname) %(*objectname) [1ms]
2025-01-14 13:34:43.149 [info] > git config --get commit.template [2ms]
2025-01-14 13:34:43.149 [info] > git for-each-ref --format=%(refname)%00%(upstream:short)%00%(objectname)%00%(upstream:track)%00%(upstream:remotename)%00%(upstream:remoteref) refs/heads/main refs/remotes/main [1ms]
2025-01-14 13:34:43.154 [info] > git status -z -uall [2ms]
2025-01-14 13:34:43.155 [info] > git for-each-ref --sort -committerdate --format %(refname) %(objectname) %(*objectname) [1ms]
2025-01-14 13:34:43.303 [info] > git ls-files --stage -- /workspace/Vocabulary-of-EDI/index.html [1ms]
2025-01-14 13:34:43.307 [info] > git cat-file -s 52b922c11c62812cddcad0ac59886c91d499ee6e [1ms]
2025-01-14 13:34:43.369 [info] > git show --textconv :index.html [1ms]
2025-01-14 13:34:57.486 [info] > git config --get commit.template [3ms]
2025-01-14 13:34:57.487 [info] > git for-each-ref --format=%(refname)%00%(upstream:short)%00%(objectname)%00%(upstream:track)%00%(upstream:remotename)%00%(upstream:remoteref) refs/heads/main refs/remotes/main [2ms]
2025-01-14 13:34:57.494 [info] > git status -z -uall [5ms]
2025-01-14 13:34:57.495 [info] > git for-each-ref --sort -committerdate --format %(refname) %(objectname) %(*objectname) [1ms]
2025-01-14 13:34:57.500 [info] > git merge-base refs/heads/main refs/remotes/origin/main [1ms]
2025-01-14 13:34:57.505 [info] > git diff --name-status -z --diff-filter=ADMR 9abdd0190c6053610b0197ba44c346087d6d667a...refs/remotes/origin/main [2ms]
2025-01-14 13:34:57.575 [info] > git config --local branch.main.github-pr-owner-number [1ms]
2025-01-14 13:34:57.575 [warning] [Git][config] git config failed: Failed to execute git
2025-01-14 13:34:57.635 [info] > git ls-files --stage -- /workspace/Vocabulary-of-EDI/index.html [1ms]
2025-01-14 13:34:57.638 [info] > git cat-file -s 52b922c11c62812cddcad0ac59886c91d499ee6e [1ms]
2025-01-14 13:34:57.708 [info] > git show --textconv :index.html [1ms]
2025-01-14 13:35:01.471 [info] > git ls-files --stage -- /workspace/Vocabulary-of-EDI/index.html [1ms]
2025-01-14 13:35:01.474 [info] > git cat-file -s 52b922c11c62812cddcad0ac59886c91d499ee6e [1ms]
2025-01-14 13:35:01.562 [info] > git show --textconv :index.html [2ms]
2025-01-14 13:35:02.447 [info] > git check-ignore -v -z --stdin [1ms]
2025-01-14 13:35:02.505 [info] > git config --get commit.template [2ms]
2025-01-14 13:35:02.506 [info] > git for-each-ref --format=%(refname)%00%(upstream:short)%00%(objectname)%00%(upstream:track)%00%(upstream:remotename)%00%(upstream:remoteref) refs/heads/main refs/remotes/main [1ms]
2025-01-14 13:35:02.512 [info] > git status -z -uall [4ms]
2025-01-14 13:35:02.512 [info] > git for-each-ref --sort -committerdate --format %(refname) %(objectname) %(*objectname) [1ms]
2025-01-14 13:35:02.517 [info] > git merge-base refs/heads/main refs/remotes/origin/main [1ms]
2025-01-14 13:35:02.520 [info] > git diff --name-status -z --diff-filter=ADMR 9d0ab168b5630ab2f91258c0c4011000e0b9a25e...refs/remotes/origin/main [1ms]
2025-01-14 13:35:02.574 [info] > git config --local branch.main.github-pr-owner-number [1ms]
2025-01-14 13:35:02.574 [warning] [Git][config] git config failed: Failed to execute git
2025-01-14 13:35:04.023 [info] > git show --textconv :.gitignore [3ms]
2025-01-14 13:35:04.023 [info] > git ls-files --stage -- /workspace/Vocabulary-of-EDI/.gitignore [1ms]
2025-01-14 13:35:04.026 [info] > git cat-file -s 8915c06466ecaef4c64c9b7069c6aa7ad0491b38 [1ms]
2025-01-14 13:35:07.748 [info] > git show --textconv :ABC-EDI.html [2ms]
2025-01-14 13:35:07.749 [info] > git ls-files --stage -- /workspace/Vocabulary-of-EDI/ABC-EDI.html [1ms]
2025-01-14 13:35:07.753 [info] > git cat-file -s f30b584b25e24d90b2d6ebacf6f8a4beb790447d [2ms]
2025-01-14 13:35:19.853 [info] > git show --textconv :.gitignore [2ms]
2025-01-14 13:35:19.854 [info] > git ls-files --stage -- /workspace/Vocabulary-of-EDI/.gitignore [1ms]
2025-01-14 13:35:19.858 [info] > git cat-file -s 8915c06466ecaef4c64c9b7069c6aa7ad0491b38 [1ms]
