2025-01-14 13:35:56.969 [info] Reading sessions from keychain...
2025-01-14 13:35:56.970 [info] Getting sessions for all scopes...
2025-01-14 13:35:56.970 [info] Getting sessions for all scopes...
2025-01-14 13:35:57.089 [info] Got stored sessions!
2025-01-14 13:35:57.089 [info] Got 1 verified sessions.
2025-01-14 13:35:57.090 [info] Got 1 sessions for ...
2025-01-14 13:35:57.090 [info] Got 1 sessions for ...
2025-01-14 13:35:57.272 [info] Getting sessions for all scopes...
2025-01-14 13:35:57.273 [info] Got 1 sessions for ...
2025-01-14 13:35:57.273 [info] Getting sessions for all scopes...
2025-01-14 13:35:57.276 [info] Got 1 sessions for ...
2025-01-14 13:35:57.278 [info] Getting sessions for read:user,repo,user:email,workflow...
2025-01-14 13:35:57.279 [info] Got 0 sessions for read:user,repo,user:email,workflow...
2025-01-14 13:35:57.281 [info] Getting sessions for read:user,repo,user:email,workflow...
2025-01-14 13:35:57.281 [info] Got 0 sessions for read:user,repo,user:email,workflow...
2025-01-14 13:35:58.033 [info] Getting sessions for read:user,repo,user:email,workflow...
2025-01-14 13:35:58.033 [info] Got 0 sessions for read:user,repo,user:email,workflow...
2025-01-14 13:35:58.033 [info] Getting sessions for read:user...
2025-01-14 13:35:58.034 [info] Got 0 sessions for read:user...
2025-01-14 13:35:58.205 [info] Getting sessions for project,read:org,read:user,repo,user:email,workflow...
2025-01-14 13:35:58.205 [info] Got 0 sessions for project,read:org,read:user,repo,user:email,workflow...
2025-01-14 13:35:58.258 [info] Getting sessions for user:email...
2025-01-14 13:35:58.258 [info] Got 1 sessions for user:email...
2025-01-14 13:35:58.258 [info] Getting sessions for user:email...
2025-01-14 13:35:58.259 [info] Got 1 sessions for user:email...
2025-01-14 13:35:58.288 [info] Getting sessions for read:user,repo,user:email,workflow...
2025-01-14 13:35:58.289 [info] Got 0 sessions for read:user,repo,user:email,workflow...
2025-01-14 13:35:58.507 [info] Getting sessions for all scopes...
2025-01-14 13:35:58.508 [info] Got 1 sessions for ...
2025-01-14 13:35:58.508 [info] Getting sessions for all scopes...
2025-01-14 13:35:58.508 [info] Got 1 sessions for ...
2025-01-14 13:35:58.550 [info] Getting sessions for read:user,repo,user:email...
2025-01-14 13:35:58.550 [info] Got 0 sessions for read:user,repo,user:email...
2025-01-14 13:35:58.580 [info] Getting sessions for read:user,repo,user:email,workflow...
2025-01-14 13:35:58.580 [info] Got 0 sessions for read:user,repo,user:email,workflow...
2025-01-14 13:35:58.610 [info] Getting sessions for read:user,repo,user:email,workflow...
2025-01-14 13:35:58.610 [info] Got 0 sessions for read:user,repo,user:email,workflow...
2025-01-14 13:35:58.647 [info] Getting sessions for user:email...
2025-01-14 13:35:58.647 [info] Got 1 sessions for user:email...
2025-01-14 13:35:59.453 [info] Getting sessions for all scopes...
2025-01-14 13:35:59.454 [info] Got 1 sessions for ...
2025-01-14 13:35:59.454 [info] Getting sessions for all scopes...
2025-01-14 13:35:59.454 [info] Got 1 sessions for ...
2025-01-14 13:35:59.517 [info] Getting sessions for read:user,repo,user:email,workflow...
2025-01-14 13:35:59.517 [info] Got 0 sessions for read:user,repo,user:email,workflow...
2025-01-14 13:35:59.607 [info] Getting sessions for user:email...
2025-01-14 13:35:59.607 [info] Got 1 sessions for user:email...
2025-01-14 13:35:59.705 [info] Getting sessions for all scopes...
2025-01-14 13:35:59.705 [info] Got 1 sessions for ...
2025-01-14 13:35:59.762 [info] Getting sessions for read:user,repo,user:email,workflow...
2025-01-14 13:35:59.762 [info] Got 0 sessions for read:user,repo,user:email,workflow...
2025-01-14 13:35:59.819 [info] Getting sessions for user:email...
2025-01-14 13:35:59.819 [info] Got 1 sessions for user:email...
2025-01-14 13:35:59.953 [info] Getting sessions for all scopes...
2025-01-14 13:35:59.953 [info] Got 1 sessions for ...
2025-01-14 13:36:00.045 [info] Getting sessions for read:user,repo,user:email,workflow...
2025-01-14 13:36:00.045 [info] Got 0 sessions for read:user,repo,user:email,workflow...
2025-01-14 13:36:00.132 [info] Getting sessions for user:email...
2025-01-14 13:36:00.132 [info] Got 1 sessions for user:email...
