2025-01-14 13:35:46.504 [info] Log level: Info
2025-01-14 13:35:46.504 [info] gitpod.gitpod-desktop/0.0.181 (10.0.22631 win32 x64) vscode/1.94.2 (Visual Studio Code)
2025-01-14 13:35:46.504 [info] Started authentication provider for https://codeinstitute-ide.net
2025-01-14 13:35:46.504 [info] Reading sessions from keychain...
2025-01-14 13:35:46.504 [info] LSSH Log: C:\Users\Jake\AppData\Local\Temp\lssh-jakecrichar-vocabularyo-mcdtf3s76l7.vss.codeinstitute-ide.net.log
2025-01-14 13:35:46.505 [info] Activation properties: {
  "gitpodHost": "https://codeinstitute-ide.net",
  "isRemoteSSH": "true",
  "remoteUri": "vscode-remote://ssh-remote%2B7b22686f73744e616d65223a226a616b65637269636861722d766f636162756c6172796f2d6d63647466337337366c372e7673732e636f6465696e737469747574652d6964652e6e6574222c2275736572223a226a616b65637269636861722d766f636162756c6172796f2d6d63647466337337366c37227d/workspace/Vocabulary-of-EDI",
  "workspaceId": "jakecrichar-vocabularyo-mcdtf3s76l7",
  "instanceId": "0f88d51f-2666-4ecb-8227-a8410884ca9a",
  "debugWorkspace": "false",
  "connType": "",
  "success": "true"
}
2025-01-14 13:35:46.505 [info] Got stored sessions!
2025-01-14 13:35:46.656 [info] Getting sessions for all scopes...
2025-01-14 13:35:46.664 [info] Getting sessions for all scopes...
2025-01-14 13:35:46.720 [info] Getting sessions for function:deleteWorkspace,function:getLoggedInUser,function:getOwnerToken,function:getSSHPublicKeys,function:getWorkspace,function:getWorkspaces,function:sendHeartBeat,function:startWorkspace,function:stopWorkspace,resource:default...
2025-01-14 13:35:47.182 [info] Verified session with the following scopes: function:deleteWorkspace function:getLoggedInUser function:getOwnerToken function:getSSHPublicKeys function:getWorkspace function:getWorkspaces function:sendHeartBeat function:startWorkspace function:stopWorkspace resource:default
2025-01-14 13:35:47.183 [info] Got 1 verified sessions.
2025-01-14 13:35:47.183 [info] Got 1 sessions for ...
2025-01-14 13:35:47.183 [info] Got 1 sessions for ...
2025-01-14 13:35:47.183 [info] Got 1 sessions for function:deleteWorkspace,function:getLoggedInUser,function:getOwnerToken,function:getSSHPublicKeys,function:getWorkspace,function:getWorkspaces,function:sendHeartBeat,function:startWorkspace,function:stopWorkspace,resource:default...
2025-01-14 13:35:47.332 [info] On remote window, RemoteSession initializing
2025-01-14 13:35:47.332 [info] Heartbeat manager for workspace jakecrichar-vocabularyo-mcdtf3s76l7 - https://codeinstitute-ide.net started
2025-01-14 13:35:48.803 [info] Getting sessions for all scopes...
2025-01-14 13:35:48.803 [info] Got 1 sessions for ...
2025-01-14 13:35:53.079 [info] Started authentication provider for https://codeinstitute-ide.net
2025-01-14 13:35:53.079 [info] Reading sessions from keychain...
2025-01-14 13:35:54.977 [info] Got stored sessions!
2025-01-14 13:35:55.303 [info] Verified session with the following scopes: function:deleteWorkspace function:getLoggedInUser function:getOwnerToken function:getSSHPublicKeys function:getWorkspace function:getWorkspaces function:sendHeartBeat function:startWorkspace function:stopWorkspace resource:default
2025-01-14 13:35:55.304 [info] Got 1 verified sessions.
