[13:35:45.892] Log Level: 2
[13:35:46.433] SSH Resolver called for "ssh-remote+7b22686f73744e616d65223a226a616b65637269636861722d766f636162756c6172796f2d6d63647466337337366c372e7673732e636f6465696e737469747574652d6964652e6e6574222c2275736572223a226a616b65637269636861722d766f636162756c6172796f2d6d63647466337337366c37227d", attempt 1
[13:35:46.435] "remote.SSH.useLocalServer": false
[13:35:46.436] "remote.SSH.useExecServer": true
[13:35:46.437] "remote.SSH.showLoginTerminal": false
[13:35:46.437] "remote.SSH.remotePlatform": {"*.codeinstitute-ide.net":"linux","jakecrichar-boardwalkga-jmbr11frg6q.vss.codeinstitute-ide.net":"linux","jakecrichar-bootstrappo-ztk3a3bdm4e.vss.codeinstitute-ide.net":"linux","jakecrichar-vocabularyo-mcdtf3s76l7.vss.codeinstitute-ide.net":"linux"}
[13:35:46.438] "remote.SSH.path": undefined
[13:35:46.438] "remote.SSH.configFile": undefined
[13:35:46.439] "remote.SSH.useFlock": true
[13:35:46.439] "remote.SSH.lockfilesInTmp": false
[13:35:46.441] "remote.SSH.localServerDownload": auto
[13:35:46.441] "remote.SSH.remoteServerListenOnSocket": false
[13:35:46.441] "remote.SSH.showLoginTerminal": false
[13:35:46.442] "remote.SSH.defaultExtensions": ["gitpod.gitpod-remote-ssh"]
[13:35:46.442] "remote.SSH.loglevel": 2
[13:35:46.442] "remote.SSH.enableDynamicForwarding": true
[13:35:46.443] "remote.SSH.enableRemoteCommand": false
[13:35:46.443] "remote.SSH.serverPickPortsFromRange": {}
[13:35:46.443] "remote.SSH.serverInstallPath": {}
[13:35:46.443] "remote.SSH.permitPtyAllocation": false
[13:35:46.444] "remote.SSH.preferredLocalPortRange: undefined
[13:35:46.444] "remote.SSH.useCurlAndWgetConfigurationFiles: false
[13:35:46.449] VS Code version: 1.94.2
[13:35:46.449] Remote-SSH version: remote-ssh@0.115.1
[13:35:46.449] win32 x64
[13:35:46.533] SSH Resolver called for host: jakecrichar-vocabularyo-mcdtf3s76l7@jakecrichar-vocabularyo-mcdtf3s76l7.vss.codeinstitute-ide.net
[13:35:46.533] Setting up SSH remote "jakecrichar-vocabularyo-mcdtf3s76l7.vss.codeinstitute-ide.net"
[13:35:46.582] Using commit id "384ff7382de624fb94dbaf6da11977bba1ecd427" and quality "stable" for server
[13:35:46.600] Script variables:
 {
  "InstallExitCode.24": "AlreadyInProgress",
  "InstallExitCode.25": "ServerDownloadFailed",
  "InstallExitCode.26": "NoDownloaderAvailable",
  "InstallExitCode.27": "UnsupportedArch",
  "InstallExitCode.28": "StatusCheckFailed",
  "InstallExitCode.29": "NeedInsidersArch",
  "InstallExitCode.30": "NoDownloaderAvailableForStatusCheck",
  "InstallExitCode.31": "ServerTransferFailed",
  "InstallExitCode.32": "ServerFailedToStart",
  "InstallExitCode.33": "NeedInsidersWindows",
  "InstallExitCode.34": "CreateInstallDirFailed",
  "InstallExitCode.35": "UnsupportedPlatform",
  "InstallExitCode.36": "ServerTerminatedCVE20201416",
  "InstallExitCode.37": "UnpackFailed",
  "InstallExitCode.38": "ChangeDirFailed",
  "InstallExitCode.AlreadyInProgress": "24",
  "InstallExitCode.ServerDownloadFailed": "25",
  "InstallExitCode.NoDownloaderAvailable": "26",
  "InstallExitCode.NoDownloaderAvailableForStatusCheck": "30",
  "InstallExitCode.UnsupportedArch": "27",
  "InstallExitCode.StatusCheckFailed": "28",
  "InstallExitCode.NeedInsidersArch": "29",
  "InstallExitCode.ServerTransferFailed": "31",
  "InstallExitCode.ServerFailedToStart": "32",
  "InstallExitCode.NeedInsidersWindows": "33",
  "InstallExitCode.CreateInstallDirFailed": "34",
  "InstallExitCode.UnsupportedPlatform": "35",
  "InstallExitCode.ServerTerminatedCVE20201416": "36",
  "InstallExitCode.UnpackFailed": "37",
  "InstallExitCode.ChangeDirFailed": "38",
  "InstallUnpackCode.Success": "success",
  "InstallUnpackCode.Error": "error",
  "InstallUnpackCode.MissingFiles": "missingFiles",
  "uuid": "493bc8e0349f",
  "startMarker": "493bc8e0349f: running",
  "commitId": "384ff7382de624fb94dbaf6da11977bba1ecd427",
  "quality": "stable",
  "token": "111a11a1-aa11-11a1-1a11-11a1aa1a11a1",
  "vscodeAgentFolder": "$HOME/.vscode-server",
  "allowClientDownload": "1",
  "forceClientDownload": "0",
  "cliNameInArchive": "code",
  "ignoreWgetConfigFlag": " --no-config ",
  "ignoreCurlConfigFlag": " --disable ",
  "wgetTriesSegment": "--tries=1",
  "listenArgs": "--on-host=127.0.0.1 --on-port",
  "getDownloadServerStartTrigger": "493bc8e0349f:trigger_server_download",
  "getDownloadServerEndTrigger": "493bc8e0349f:trigger_server_download_end",
  "getProgressDownloading": "493bc8e0349f%%1%%",
  "getProgressInstalling": "493bc8e0349f%%2%%"
}
[13:35:46.615] Install and start server if needed
[13:35:46.745] Checking ssh with "C:\WINDOWS\system32\ssh.exe -V"
[13:35:46.752] Got error from ssh: spawn C:\WINDOWS\system32\ssh.exe ENOENT
[13:35:46.753] Checking ssh with "C:\WINDOWS\ssh.exe -V"
[13:35:46.761] Got error from ssh: spawn C:\WINDOWS\ssh.exe ENOENT
[13:35:46.763] Checking ssh with "C:\WINDOWS\System32\Wbem\ssh.exe -V"
[13:35:46.767] Got error from ssh: spawn C:\WINDOWS\System32\Wbem\ssh.exe ENOENT
[13:35:46.768] Checking ssh with "C:\WINDOWS\System32\WindowsPowerShell\v1.0\ssh.exe -V"
[13:35:46.772] Got error from ssh: spawn C:\WINDOWS\System32\WindowsPowerShell\v1.0\ssh.exe ENOENT
[13:35:46.774] Checking ssh with "C:\WINDOWS\System32\OpenSSH\ssh.exe -V"
[13:35:47.162] > OpenSSH_for_Windows_9.5p1, LibreSSL 3.8.2

[13:35:47.243] Running script with connection command: "C:\WINDOWS\System32\OpenSSH\ssh.exe" -T -D 62513 "jakecrichar-vocabularyo-mcdtf3s76l7@jakecrichar-vocabularyo-mcdtf3s76l7.vss.codeinstitute-ide.net" sh
[13:35:47.391] Generated SSH command: 'type "C:\Users\Jake\AppData\Local\Temp\vscode-linux-multi-line-command-jakecrichar-vocabularyo-mcdtf3s76l7.vss.codeinstitute-ide.net-393097879.sh" | "C:\WINDOWS\System32\OpenSSH\ssh.exe" -T -D 62513 "jakecrichar-vocabularyo-mcdtf3s76l7@jakecrichar-vocabularyo-mcdtf3s76l7.vss.codeinstitute-ide.net" sh'
[13:35:47.393] Using connect timeout of 17 seconds
[13:35:47.399] Terminal shell path: C:\WINDOWS\System32\cmd.exe
[13:35:51.281] > 493bc8e0349f: running
> Script executing under PID: 8511
> Found existing installation at /home/gitpod/.vscode-server...
> Starting VS Code CLI...
> printenv:
>     GITPOD_WORKSPACE_CLASS_INFO={"id":"g1-small","category":"GENERAL PURPOSE","displayName":"Small","description":"2 vCPU, 4GB memory, 30GB disk","powerups":1,"isDefault":false,"deprecated":false}
>     GITPOD_WORKSPACE_CONTEXT_URL=https://github.com/JakeCRichards/Vocabulary-of-EDI
>     GITPOD_CONFIGCAT_ENABLED=true
>     MAIL=/var/mail/gitpod
>     GITPOD_REPO_ROOTS=/workspace/Vocabulary-of-EDI
>     USER=gitpod
>     SSH_CLIENT=UNKNOWN 65535 65535
>     GITPOD_PREVENT_METADATA_ACCESS=true
>     GITPOD_DISABLE_JETBRAINS_LOCAL_PORT_FORWARDING=false
>     JAVA_TOOL_OPTIONS=-XX:+UseContainerSupport -XX:ActiveProcessorCount=2
>     GITPOD_DEFAULT_WORKSPACE_IMAGE=869456089606.dkr.ecr.eu-west-1.amazonaws.com/public-cache/b4b1c2l9/application/gitpod/workspace-full:latest
>     GIT_EDITOR=/ide/bin/remote-cli/gitpod-code --wait
>     NODE_VERSION=16.13.0
>     HOSTNAME=jakecrichar-vocabularyo-mcdtf3s76l7
>     THEIA_WEBVIEW_EXTERNAL_ENDPOINT=webview-{{hostname}}
>     SHLVL=0
>     BROWSER=/.supervisor/browser.sh
>     PORT=8080
>     HOME=/home/gitpod
>     PGDATABASE=postgres
>     VSX_REGISTRY_URL=https://open-vsx.codeinstitute-ide.net]0;C:\WINDOWS\System32\cmd.exe
>     WORKSPACEKIT_WRAP_NETNS=true
>     GITPOD_TASKS=[{"init":". ${GITPOD_REPO_ROOT}/.vscode/init_tasks.sh","command
> d":"/home/gitpod/.pg_ctl/bin/pg_start > /dev/null"},{"command":". ${GITPOD_REPO_R
> ROOT}/.vscode/uptime.sh &"}]
>     VISUAL=/ide/bin/remote-cli/gitpod-code
>     SUPERVISOR_ADDR=localhost:22999
>     GITPOD_THEIA_PORT=23000
>     GITPOD_ANALYTICS_WRITER=segment
>     THEIA_MINI_BROWSER_HOST_PATTERN=browser-{{hostname}}
>     GITPOD_IDE_ALIAS=code-desktop
>     GITPOD_WORKSPACE_CONTEXT={"isFile":false,"path":"","title":"JakeCRichards/Vo
> ocabulary-of-EDI - main","ref":"main","refType":"branch","revision":"3a955e7983d3
> 37d379e842abc066faeaadf8e153f","repository":{"cloneUrl":"https://github.com/JakeC
> CRichards/Vocabulary-of-EDI.git","host":"github.com","defaultBranch":"main","name
> e":"Vocabulary-of-EDI","owner":"JakeCRichards","private":false},"normalizedContex
> xtURL":"https://github.com/JakeCRichards/Vocabulary-of-EDI","checkoutLocation":"V
> Vocabulary-of-EDI","warnings":[]}
>     GITPOD_MEMORY=4294
>     GITPOD_GIT_USER_EMAIL=j.c.delaney.92@gmail.com
>     LOGNAME=gitpod
>     GP_OPEN_EDITOR=/ide/bin/remote-cli/gitpod-code
>     GITPOD_HOST=https://codeinstitute-ide.net
>     PIP_USER=yes
>     GITPOD_OWNER_ID=e09f8c6c-f185-415b-8a79-d684bddc713f
>     _=/usr/bin/sh
>     GITPOD_SSH_CA_PUBLIC_KEY=ssh-ed25519 AAAAC3NzaC1lZDI1NTE5AAAAIJVSKG/um0DzvD+
> +/S9nr5KkWA0NXzNgbGjAl99W0oF8i
> 
>     GITPOD_IS_SET_JAVA_XMX=false
>     GITPOD_WORKSPACE_URL=https://jakecrichar-vocabularyo-mcdtf3s76l7.ws.codeinst
> titute-ide.net
>     PATH=/ide/bin/remote-cli:/usr/lib/postgresql/12/bin:/home/gitpod/.nvm/versio
> ons/node/v16.13.0/bin:/home/gitpod/.pg_ctl/bin:/workspace/.pip-modules/bin:/home/
> /gitpod/.pyenv/bin:/home/gitpod/.pyenv/shims:/home/gitpod/.local/bin:/usr/games:/
> /usr/local/sbin:/usr/local/bin:/usr/sbin:/usr/bin:/sbin:/bin:/home/gitpod/.nvm/ve
> ersions/node/v16.13.0/bin
>     GITPOD_GIT_USER_NAME=Jake Richards
>     THEIA_WORKSPACE_ROOT=/workspace/Vocabulary-of-EDI
>     GP_EXTERNAL_BROWSER=/ide/bin/remote-cli/gitpod-code --openExternal
>     GITPOD_INSTANCE_ID=0f88d51f-2666-4ecb-8227-a8410884ca9a
>     GITPOD_IS_SET_JAVA_PROCESSOR_COUNT=true
>     LANG=en_US.UTF-8
[13:35:51.283] Got some output, clearing connection timeout
[13:35:51.297] > 
>     PYTHONUSERBASE=/workspace/.pip-modules
>     SHELL=/bin/bash
>     GITPOD_CPU_COUNT=2
>     PYTHON_VERSION=3.12.2
>     PROMPT_COMMAND=history -a
>     GITPOD_ANALYTICS_SEGMENT_ENDPOINT=https://codeinstitute-ide.net/analytics   
>     DANGEROUSLY_DISABLE_HOST_CHECK=true
>     TRIGGER_REBUILD=1
>     PWD=/home/gitpod
>     GITPOD_WORKSPACE_CLASS=g1-small
>     SSH_CONNECTION=UNKNOWN 65535 UNKNOWN 65535
>     IP=0.0.0.0
>     GITPOD_WORKSPACE_CLUSTER_HOST=ws.codeinstitute-ide.net
>     GITPOD_WORKSPACE_ID=jakecrichar-vocabularyo-mcdtf3s76l7
>     GP_PREVIEW_BROWSER=/ide/bin/remote-cli/gitpod-code --preview
>     GITPOD_REPO_ROOT=/workspace/Vocabulary-of-EDI
>     HISTFILE=/workspace/.gitpod/.shell_history
>     PGDATA=/workspace/.pgsql/data
>     GITPOD_INTERVAL=30000
>     EDITOR=/ide/bin/remote-cli/gitpod-code
> Removing old logfile at /home/gitpod/.vscode-server/.cli.384ff7382de624fb94dbaf6
> 6da11977bba1ecd427.log
[13:35:51.304] > Spawned remote CLI: 8531
> Waiting for server log...
> 493bc8e0349f: start
> listeningOn==127.0.0.1:46121==
> osReleaseId==ubuntu==
> arch==x86_64==
> vscodeArch==x64==
> bitness==64==
[13:35:51.314] > 
> tmpDir==/tmp==
> platform==linux==
> unpackResult====
> didLocalDownload==0==
> downloadTime====
> installTime====
> serverStartTime==36==
> execServerToken==111a11a1-aa11-11a1-1a11-11a1aa1a11a1==
> platformDownloadPath==cli-alpine-x64==
> 493bc8e0349f: end
[13:35:51.315] Received install output: 
listeningOn==127.0.0.1:46121==
osReleaseId==ubuntu==
arch==x86_64==
vscodeArch==x64==
bitness==64==
tmpDir==/tmp==
platform==linux==
unpackResult====
didLocalDownload==0==
downloadTime====
installTime====
serverStartTime==36==
execServerToken==111a11a1-aa11-11a1-1a11-11a1aa1a11a1==
platformDownloadPath==cli-alpine-x64==

[13:35:51.316] Remote server is listening on port 46121
[13:35:51.317] Parsed server configuration: {"serverConfiguration":{"remoteListeningOn":{"port":46121},"osReleaseId":"ubuntu","arch":"x86_64","tmpDir":"/tmp","platform":"linux","execServerToken":"111a11a1-aa11-11a1-1a11-11a1aa1a11a1"},"serverStartTime":36,"installUnpackCode":""}
[13:35:51.331] > 
[13:35:51.344] Starting forwarding server. local port 62534 -> socksPort 62513 -> remotePort 46121
[13:35:51.349] Forwarding server listening on port 62534
[13:35:51.350] Waiting for ssh tunnel to be ready
[13:35:51.353] [Forwarding server port 62534] Got connection 0
[13:35:51.359] Tunneled port 46121 to local port 62534
[13:35:51.359] Resolved "ssh-remote+7b22686f73744e616d65223a226a616b65637269636861722d766f636162756c6172796f2d6d63647466337337366c372e7673732e636f6465696e737469747574652d6964652e6e6574222c2275736572223a226a616b65637269636861722d766f636162756c6172796f2d6d63647466337337366c37227d" to "port 62534"
[13:35:51.407] Initizing new exec server for ssh-remote+7b22686f73744e616d65223a226a616b65637269636861722d766f636162756c6172796f2d6d63647466337337366c372e7673732e636f6465696e737469747574652d6964652e6e6574222c2275736572223a226a616b65637269636861722d766f636162756c6172796f2d6d63647466337337366c37227d
[13:35:51.407] Resolving exec server at port 62534
[13:35:51.419] [Forwarding server port 62534] Got connection 1
[13:35:51.562] Exec server for ssh-remote+7b22686f73744e616d65223a226a616b65637269636861722d766f636162756c6172796f2d6d63647466337337366c372e7673732e636f6465696e737469747574652d6964652e6e6574222c2275736572223a226a616b65637269636861722d766f636162756c6172796f2d6d63647466337337366c37227d created and cached
[13:35:51.590] ------




[13:35:51.684] [server] Checking /home/gitpod/.vscode-server/cli/servers/Stable-384ff7382de624fb94dbaf6da11977bba1ecd427/log.txt and /home/gitpod/.vscode-server/cli/servers/Stable-384ff7382de624fb94dbaf6da11977bba1ecd427/pid.txt for a running server...
[13:35:51.686] [server] Found running server (pid=1239)
[13:35:51.686] [server] Installing extensions...
