2025-01-14 13:35:44.132 [info] Started local extension host with pid 18968.
2025-01-14 13:35:46.249 [info] Invoking resolveAuthority(ssh-remote)...
2025-01-14 13:35:46.250 [info] [LocalProcess0][resolveAuthority(ssh-remote,1)][0ms] obtaining proxy...
2025-01-14 13:35:46.251 [info] [LocalProcess0][resolveAuthority(ssh-remote,1)][0ms] invoking...
2025-01-14 13:35:47.267 [info] [LocalProcess0][resolveAuthority(ssh-remote,1)][1016ms] waiting...
2025-01-14 13:35:48.252 [info] [LocalProcess0][resolveAuthority(ssh-remote,1)][2002ms] waiting...
2025-01-14 13:35:49.256 [info] [LocalProcess0][resolveAuthority(ssh-remote,1)][3005ms] waiting...
2025-01-14 13:35:50.253 [info] [LocalProcess0][resolveAuthority(ssh-remote,1)][4002ms] waiting...
2025-01-14 13:35:51.257 [info] [LocalProcess0][resolveAuthority(ssh-remote,1)][5006ms] waiting...
2025-01-14 13:35:51.646 [info] [LocalProcess0][resolveAuthority(ssh-remote,1)][5396ms] returned Managed(1)
2025-01-14 13:35:51.647 [info] resolveAuthority(ssh-remote) returned 'Managed(1)' after 5398 ms
2025-01-14 13:35:51.652 [info] Creating a socket (renderer-Management-fac35096-739c-41d0-b220-2d5b6145a0d2)...
2025-01-14 13:35:51.653 [info] Creating a socket (renderer-ExtensionHost-c9efb456-920b-4931-ab49-9c48f6f856be)...
2025-01-14 13:35:51.948 [info] Creating a socket (renderer-Management-fac35096-739c-41d0-b220-2d5b6145a0d2) was successful after 295 ms.
2025-01-14 13:35:51.952 [info] Creating a socket (renderer-ExtensionHost-c9efb456-920b-4931-ab49-9c48f6f856be) was successful after 299 ms.
2025-01-14 13:35:52.948 [error] [eventyret.bootstrap-4-cdn-snippet]: Unknown language in `contributes.bootstrap-4-cdn-snippet.language`. Provided value: jinja-html
2025-01-14 13:35:52.948 [error] [eventyret.bootstrap-4-cdn-snippet]: Unknown language in `contributes.bootstrap-4-cdn-snippet.language`. Provided value: jinja-html
2025-01-14 13:35:52.949 [error] [eventyret.bootstrap-4-cdn-snippet]: Unknown language in `contributes.bootstrap-4-cdn-snippet.language`. Provided value: jinja-html
2025-01-14 13:35:52.949 [error] [eventyret.bootstrap-4-cdn-snippet]: Unknown language in `contributes.bootstrap-4-cdn-snippet.language`. Provided value: jinja-html
2025-01-14 13:35:52.949 [error] [eventyret.bootstrap-4-cdn-snippet]: Unknown language in `contributes.bootstrap-4-cdn-snippet.language`. Provided value: jinja-html
2025-01-14 13:35:52.950 [error] [eventyret.bootstrap-4-cdn-snippet]: Unknown language in `contributes.bootstrap-4-cdn-snippet.language`. Provided value: django-html
2025-01-14 13:35:52.950 [error] [eventyret.bootstrap-4-cdn-snippet]: Unknown language in `contributes.bootstrap-4-cdn-snippet.language`. Provided value: django-html
2025-01-14 13:35:52.951 [error] [eventyret.bootstrap-4-cdn-snippet]: Unknown language in `contributes.bootstrap-4-cdn-snippet.language`. Provided value: django-html
2025-01-14 13:35:52.951 [error] [eventyret.bootstrap-4-cdn-snippet]: Unknown language in `contributes.bootstrap-4-cdn-snippet.language`. Provided value: django-html
2025-01-14 13:35:52.952 [error] [eventyret.bootstrap-4-cdn-snippet]: Unknown language in `contributes.bootstrap-4-cdn-snippet.language`. Provided value: django-html
2025-01-14 13:35:55.050 [error] Could not find pty 1 on pty host: CodeExpectedError: Could not find pty 1 on pty host
    at M.U (file:///home/gitpod/.vscode-server/cli/servers/Stable-384ff7382de624fb94dbaf6da11977bba1ecd427/server/out/vs/platform/terminal/node/ptyHostMain.js:48:11102)
    at M.updateTitle (file:///home/gitpod/.vscode-server/cli/servers/Stable-384ff7382de624fb94dbaf6da11977bba1ecd427/server/out/vs/platform/terminal/node/ptyHostMain.js:48:6412)
    at s.<computed> (file:///home/gitpod/.vscode-server/cli/servers/Stable-384ff7382de624fb94dbaf6da11977bba1ecd427/server/out/vs/platform/terminal/node/ptyHostMain.js:48:1843)
    at Object.call (file:///home/gitpod/.vscode-server/cli/servers/Stable-384ff7382de624fb94dbaf6da11977bba1ecd427/server/out/vs/platform/terminal/node/ptyHostMain.js:31:4127)
    at Fc.s (file:///home/gitpod/.vscode-server/cli/servers/Stable-384ff7382de624fb94dbaf6da11977bba1ecd427/server/out/vs/platform/terminal/node/ptyHostMain.js:29:78860)
    at Fc.q (file:///home/gitpod/.vscode-server/cli/servers/Stable-384ff7382de624fb94dbaf6da11977bba1ecd427/server/out/vs/platform/terminal/node/ptyHostMain.js:29:78383)
    at os.value (file:///home/gitpod/.vscode-server/cli/servers/Stable-384ff7382de624fb94dbaf6da11977bba1ecd427/server/out/vs/platform/terminal/node/ptyHostMain.js:29:77785)
    at y.B (file:///home/gitpod/.vscode-server/cli/servers/Stable-384ff7382de624fb94dbaf6da11977bba1ecd427/server/out/vs/platform/terminal/node/ptyHostMain.js:29:732)
    at y.fire (file:///home/gitpod/.vscode-server/cli/servers/Stable-384ff7382de624fb94dbaf6da11977bba1ecd427/server/out/vs/platform/terminal/node/ptyHostMain.js:29:950)
    at process.v (file:///home/gitpod/.vscode-server/cli/servers/Stable-384ff7382de624fb94dbaf6da11977bba1ecd427/server/out/vs/platform/terminal/node/ptyHostMain.js:24:29096)
    at process.emit (node:events:519:28)
    at emit (node:internal/child_process:951:14)
    at process.processTicksAndRejections (node:internal/process/task_queues:83:21)
2025-01-14 13:35:56.451 [info] [perf] Render performance baseline is 76ms
