2025-01-14 13:35:45.099 [info] Extension host with pid 18968 started
2025-01-14 13:35:45.099 [info] Skipping acquiring lock for c:\Users\Jake\AppData\Roaming\Code\User\workspaceStorage\b565147ada636bfdbcb3e7a0f48c6f34.
2025-01-14 13:35:45.099 [info] $getCanonicalURI invoked for authority (ssh-remote)
2025-01-14 13:35:45.111 [info] ExtensionService#_doActivateExtension gitpod.gitpod-desktop, startup: false, activationEvent: 'onResolveRemoteAuthority:ssh-remote'
2025-01-14 13:35:45.573 [info] ExtensionService#_doActivateExtension ms-vscode-remote.remote-ssh, startup: false, activationEvent: 'onResolveRemoteAuthority:ssh-remote'
2025-01-14 13:35:46.431 [info] [resolveAuthority(ssh-remote,1)][0ms] activating remote resolvers ssh-remote+7b22686f73744e616d65223a226a616b65637269636861722d766f636162756c6172796f2d6d63647466337337366c372e7673732e636f6465696e737469747574652d6964652e6e6574222c2275736572223a226a616b65637269636861722d766f636162756c6172796f2d6d63647466337337366c37227d
2025-01-14 13:35:46.431 [info] [resolveAuthority(ssh-remote,1)][1ms] activating resolver for ssh-remote+7b22686f73744e616d65223a226a616b65637269636861722d766f636162756c6172796f2d6d63647466337337366c372e7673732e636f6465696e737469747574652d6964652e6e6574222c2275736572223a226a616b65637269636861722d766f636162756c6172796f2d6d63647466337337366c37227d...
2025-01-14 13:35:46.432 [info] [resolveAuthority(ssh-remote,1)][1ms] invoking final resolve()...
2025-01-14 13:35:47.434 [info] [resolveAuthority(ssh-remote,1)][1004ms] waiting...
2025-01-14 13:35:48.445 [info] [resolveAuthority(ssh-remote,1)][2014ms] waiting...
2025-01-14 13:35:49.459 [info] [resolveAuthority(ssh-remote,1)][3028ms] waiting...
2025-01-14 13:35:50.467 [info] [resolveAuthority(ssh-remote,1)][4037ms] waiting...
2025-01-14 13:35:51.474 [info] [resolveAuthority(ssh-remote,1)][5043ms] waiting...
2025-01-14 13:35:51.592 [info] [resolveAuthority(ssh-remote,1)][5161ms] setting tunnel factory...
2025-01-14 13:35:51.593 [info] [resolveAuthority(ssh-remote,1)][5162ms] returned managed authority
2025-01-14 13:35:53.387 [info] Eager extensions activated
2025-01-14 13:35:54.612 [info] ExtensionService#_doActivateExtension ms-vscode.remote-explorer, startup: false, activationEvent: 'onCommand:remote-internal.setActiveFolders'
2025-01-14 13:35:56.765 [info] ExtensionService#_doActivateExtension vscode.github-authentication, startup: false, activationEvent: 'onStartupFinished', root cause: GitHub.vscode-pull-request-github
2025-01-14 13:36:11.720 [info] Creating a socket (renderer-Tunnel-ad5a08da-3851-4ec8-9d5c-170b6b3585bf)...
2025-01-14 13:36:11.746 [info] Creating a socket (renderer-Tunnel-8b8ccde9-0f51-4693-9e72-cc9f6715a8a8)...
2025-01-14 13:36:11.792 [info] Creating a socket (renderer-Tunnel-ad5a08da-3851-4ec8-9d5c-170b6b3585bf) was successful after 72 ms.
2025-01-14 13:36:11.855 [info] Creating a socket (renderer-Tunnel-8b8ccde9-0f51-4693-9e72-cc9f6715a8a8) was successful after 109 ms.
2025-01-14 13:36:11.979 [info] Creating a socket (renderer-Tunnel-eaafa88e-49d4-47e3-a2dd-5f1d41c67f52)...
2025-01-14 13:36:12.071 [info] Creating a socket (renderer-Tunnel-eaafa88e-49d4-47e3-a2dd-5f1d41c67f52) was successful after 91 ms.
2025-01-14 13:36:18.694 [info] Creating a socket (renderer-Tunnel-3096805f-c7f3-4b4c-a879-30ecb55e58c9)...
2025-01-14 13:36:18.697 [info] Creating a socket (renderer-Tunnel-fcf142fa-25a2-41df-a5fd-bb390acdbd69)...
2025-01-14 13:36:18.753 [info] Creating a socket (renderer-Tunnel-3096805f-c7f3-4b4c-a879-30ecb55e58c9) was successful after 58 ms.
2025-01-14 13:36:18.806 [info] Creating a socket (renderer-Tunnel-fcf142fa-25a2-41df-a5fd-bb390acdbd69) was successful after 109 ms.
2025-01-14 13:36:18.954 [info] Creating a socket (renderer-Tunnel-88fac0d6-0502-4d28-84fb-331b40337ab1)...
2025-01-14 13:36:19.029 [info] Creating a socket (renderer-Tunnel-88fac0d6-0502-4d28-84fb-331b40337ab1) was successful after 74 ms.
2025-01-14 13:36:19.533 [info] Creating a socket (renderer-Tunnel-bce78056-a6eb-47f1-a0f1-dc1bffba5b48)...
2025-01-14 13:36:19.577 [info] Creating a socket (renderer-Tunnel-654d4d06-82aa-4b75-a215-575fe6bbea95)...
2025-01-14 13:36:19.605 [info] Creating a socket (renderer-Tunnel-bce78056-a6eb-47f1-a0f1-dc1bffba5b48) was successful after 72 ms.
2025-01-14 13:36:19.698 [info] Creating a socket (renderer-Tunnel-654d4d06-82aa-4b75-a215-575fe6bbea95) was successful after 121 ms.
2025-01-14 13:36:19.790 [info] Creating a socket (renderer-Tunnel-69ac574a-2e29-464e-bc63-a07cf3d549a2)...
2025-01-14 13:36:19.858 [info] Creating a socket (renderer-Tunnel-69ac574a-2e29-464e-bc63-a07cf3d549a2) was successful after 68 ms.
2025-01-14 13:36:20.245 [info] Creating a socket (renderer-Tunnel-7da48b31-3a77-4e03-90db-b524c8b89f0b)...
2025-01-14 13:36:20.290 [info] Creating a socket (renderer-Tunnel-16a4b181-5563-4ecb-bc3d-b4e272ebcac4)...
2025-01-14 13:36:20.302 [info] Creating a socket (renderer-Tunnel-7da48b31-3a77-4e03-90db-b524c8b89f0b) was successful after 57 ms.
2025-01-14 13:36:20.346 [info] Creating a socket (renderer-Tunnel-16a4b181-5563-4ecb-bc3d-b4e272ebcac4) was successful after 56 ms.
2025-01-14 13:36:20.504 [info] Creating a socket (renderer-Tunnel-db0c7b6f-cd9e-4187-ab17-09cf331c4899)...
2025-01-14 13:36:20.564 [info] Creating a socket (renderer-Tunnel-db0c7b6f-cd9e-4187-ab17-09cf331c4899) was successful after 60 ms.
2025-01-14 13:36:21.203 [info] Creating a socket (renderer-Tunnel-cceadc4d-6414-4d17-9784-2ab5225eeacd)...
2025-01-14 13:36:21.237 [info] Creating a socket (renderer-Tunnel-4fb0f8f7-a329-418e-9b09-8735ab0f46a1)...
2025-01-14 13:36:21.278 [info] Creating a socket (renderer-Tunnel-cceadc4d-6414-4d17-9784-2ab5225eeacd) was successful after 75 ms.
2025-01-14 13:36:21.301 [info] Creating a socket (renderer-Tunnel-4fb0f8f7-a329-418e-9b09-8735ab0f46a1) was successful after 64 ms.
2025-01-14 13:36:21.447 [info] Creating a socket (renderer-Tunnel-f8638615-c8bb-4292-a286-0fd8177af4cc)...
2025-01-14 13:36:21.512 [info] Creating a socket (renderer-Tunnel-f8638615-c8bb-4292-a286-0fd8177af4cc) was successful after 64 ms.
2025-01-14 13:36:22.815 [info] Creating a socket (renderer-Tunnel-2635b852-4b47-4427-a8b2-06952b53be0c)...
2025-01-14 13:36:22.870 [info] Creating a socket (renderer-Tunnel-2635b852-4b47-4427-a8b2-06952b53be0c) was successful after 55 ms.
2025-01-14 13:36:23.076 [info] Creating a socket (renderer-Tunnel-3230e952-e01b-4d86-aa63-ded056a8e285)...
2025-01-14 13:36:23.131 [info] Creating a socket (renderer-Tunnel-3230e952-e01b-4d86-aa63-ded056a8e285) was successful after 54 ms.
2025-01-14 13:36:24.585 [info] Creating a socket (renderer-Tunnel-d216e539-65af-4644-a8d2-f23cb4186fcf)...
2025-01-14 13:36:24.644 [info] Creating a socket (renderer-Tunnel-d216e539-65af-4644-a8d2-f23cb4186fcf) was successful after 58 ms.
2025-01-14 13:36:24.851 [info] Creating a socket (renderer-Tunnel-454ea431-fb0a-4c8f-be34-fbeb1c5b9e9a)...
2025-01-14 13:36:24.904 [info] Creating a socket (renderer-Tunnel-454ea431-fb0a-4c8f-be34-fbeb1c5b9e9a) was successful after 53 ms.
2025-01-14 13:36:27.342 [info] Creating a socket (renderer-Tunnel-e05325e6-ee97-41f2-9eaf-3ace36d1a519)...
2025-01-14 13:36:27.396 [info] Creating a socket (renderer-Tunnel-e05325e6-ee97-41f2-9eaf-3ace36d1a519) was successful after 53 ms.
2025-01-14 13:36:33.580 [info] Creating a socket (renderer-Tunnel-2eb2d23c-1866-48f7-b429-635cea51ce52)...
2025-01-14 13:36:33.650 [info] Creating a socket (renderer-Tunnel-2eb2d23c-1866-48f7-b429-635cea51ce52) was successful after 70 ms.
2025-01-14 13:36:40.740 [info] Creating a socket (renderer-Tunnel-8d4f1e4f-4994-4cc7-94d7-84d8ce88e59c)...
2025-01-14 13:36:40.804 [info] Creating a socket (renderer-Tunnel-526fc62a-0727-4a15-91f4-fe87fa6b431d)...
2025-01-14 13:36:40.806 [info] Creating a socket (renderer-Tunnel-8d4f1e4f-4994-4cc7-94d7-84d8ce88e59c) was successful after 65 ms.
2025-01-14 13:36:40.869 [info] Creating a socket (renderer-Tunnel-526fc62a-0727-4a15-91f4-fe87fa6b431d) was successful after 65 ms.
2025-01-14 13:36:41.005 [info] Creating a socket (renderer-Tunnel-f040009e-af78-411b-97fa-2c7bd8d72f64)...
2025-01-14 13:36:41.064 [info] Creating a socket (renderer-Tunnel-f040009e-af78-411b-97fa-2c7bd8d72f64) was successful after 59 ms.
2025-01-14 13:36:49.315 [info] Creating a socket (renderer-Tunnel-344eacf3-1a2f-4977-8a00-c795790fa808)...
2025-01-14 13:36:49.368 [info] Creating a socket (renderer-Tunnel-344eacf3-1a2f-4977-8a00-c795790fa808) was successful after 53 ms.
